Port Knocker/portknocker-android/app/build/intermediates/manifest_merge_blame_file/debug/manifest-merger-blame-debug-report.txt
1<?xml version="1.0" encoding="utf-8"?>
2<manifest xmlns:android="http://schemas.android.com/apk/res/android"
3    package="com.syuzme.thanh.myapp.myknocker"
4    android:versionCode="1"
5    android:versionName="1.0" >
6
7    <uses-sdk
8        android:minSdkVersion="21"
8-->src\main\AndroidManifest.xml
9        android:targetSdkVersion="30" />
9-->src\main\AndroidManifest.xml
10
11    <uses-permission android:name="android.permission.INTERNET" />
11-->src\main\AndroidManifest.xml:5:5-67
11-->src\main\AndroidManifest.xml:5:22-64
12    <uses-permission android:name="com.android.vending.BILLING" />
12-->[com.android.billingclient:billing:4.0.0] AndroidManifest.xml:10:5-67
12-->[com.android.billingclient:billing:4.0.0] AndroidManifest.xml:10:22-64
13
14    <application
14-->src\main\AndroidManifest.xml:7:5-23:19
15        android:allowBackup="true"
15-->src\main\AndroidManifest.xml:8:9-35
16        android:appComponentFactory="androidx.core.app.CoreComponentFactory"
16-->[androidx.core:core:1.3.0] AndroidManifest.xml:24:18-86
17        android:debuggable="true"
18        android:icon="@drawable/iconapp"
18-->src\main\AndroidManifest.xml:9:9-41
19        android:label="@string/app_name"
19-->src\main\AndroidManifest.xml:10:9-41
20        android:supportsRtl="true"
20-->src\main\AndroidManifest.xml:11:9-35
21        android:testOnly="true"
22        android:theme="@style/AppTheme" >
22-->src\main\AndroidManifest.xml:12:9-40
23        <activity android:name="ca.andries.portknocker.activities.AddProfileActivity" />
23-->src\main\AndroidManifest.xml:14:9-67
23-->src\main\AndroidManifest.xml:14:19-64
24        <activity android:name="ca.andries.portknocker.ShopActivity" />
24-->src\main\AndroidManifest.xml:15:9-59
24-->src\main\AndroidManifest.xml:15:19-47
25        <activity android:name="ca.andries.portknocker.activities.MainActivity" >
25-->src\main\AndroidManifest.xml:16:9-22:20
25-->src\main\AndroidManifest.xml:16:19-58
26            <intent-filter>
26-->src\main\AndroidManifest.xml:17:13-21:29
27                <action android:name="android.intent.action.MAIN" />
27-->src\main\AndroidManifest.xml:18:17-69
27-->src\main\AndroidManifest.xml:18:25-66
28
29                <category android:name="android.intent.category.LAUNCHER" />
29-->src\main\AndroidManifest.xml:20:17-77
29-->src\main\AndroidManifest.xml:20:27-74
30            </intent-filter>
31        </activity>
32
33        <meta-data
33-->[com.android.billingclient:billing:4.0.0] AndroidManifest.xml:13:9-15:37
34            android:name="com.google.android.play.billingclient.version"
34-->[com.android.billingclient:billing:4.0.0] AndroidManifest.xml:14:13-73
35            android:value="4.0.0" />
35-->[com.android.billingclient:billing:4.0.0] AndroidManifest.xml:15:13-34
36
37        <activity
37-->[com.android.billingclient:billing:4.0.0] AndroidManifest.xml:17:9-21:75
38            android:name="com.android.billingclient.api.ProxyBillingActivity"
38-->[com.android.billingclient:billing:4.0.0] AndroidManifest.xml:18:13-78
39            android:configChanges="keyboard|keyboardHidden|screenLayout|screenSize|orientation"
39-->[com.android.billingclient:billing:4.0.0] AndroidManifest.xml:19:13-96
40            android:exported="false"
40-->[com.android.billingclient:billing:4.0.0] AndroidManifest.xml:20:13-37
41            android:theme="@android:style/Theme.Translucent.NoTitleBar" />
41-->[com.android.billingclient:billing:4.0.0] AndroidManifest.xml:21:13-72
42    </application>
43
44</manifest>